<?xml version="1.0" encoding="UTF-8"?>
<!-- Generated by org.testng.reporters.JUnitReportReporter -->
<testsuite skipped="0" hostname="MIRHUQUE74C0" name="com.api.tests.GetMethod" tests="1" failures="0" timestamp="11 Dec 2021 07:11:52 GMT" time="2.974" errors="0">
  <testcase name="myGetMethod" time="2.974" classname="com.api.tests.GetMethod"/>
</testsuite> <!-- com.api.tests.GetMethod -->
