<?xml version="1.0" encoding="UTF-8"?>
<!-- Generated by org.testng.reporters.JUnitReportReporter -->
<testsuite skipped="0" hostname="MIRHUQUE74C0" name="com.api.tests.PutMethod" tests="1" failures="0" timestamp="11 Dec 2021 07:06:27 GMT" time="0.211" errors="0">
  <testcase name="myPutMethod" time="0.211" classname="com.api.tests.PutMethod"/>
</testsuite> <!-- com.api.tests.PutMethod -->
