<?xml version="1.0" encoding="UTF-8"?>
<!-- Generated by org.testng.reporters.JUnitReportReporter -->
<testsuite skipped="0" hostname="MIRHUQUE74C0" name="com.api.tests.DeleteMethod" tests="1" failures="0" timestamp="11 Dec 2021 07:06:27 GMT" time="0.164" errors="0">
  <testcase name="myDeleteMethod" time="0.164" classname="com.api.tests.DeleteMethod"/>
</testsuite> <!-- com.api.tests.DeleteMethod -->
