<?xml version="1.0" encoding="UTF-8"?>
<!-- Generated by org.testng.reporters.JUnitReportReporter -->
<testsuite skipped="0" hostname="MIRHUQUE74C0" name="com.api.tests.PostMethod" tests="1" failures="0" timestamp="11 Dec 2021 07:06:27 GMT" time="0.258" errors="0">
  <testcase name="myPostMethod" time="0.258" classname="com.api.tests.PostMethod"/>
</testsuite> <!-- com.api.tests.PostMethod -->
